2025-05-03 13:36:40.166 [info] [main] Log level: Info
2025-05-03 13:36:40.166 [info] [main] Validating found git in: "git"
2025-05-03 13:36:40.166 [info] [main] Using git "2.43.0" from "git"
2025-05-03 13:36:40.166 [info] [Model][doInitialScan] Initial repository scan started
2025-05-03 13:36:40.166 [info] > git rev-parse --show-toplevel [18ms]
2025-05-03 13:36:40.166 [info] fatal: not a git repository (or any parent up to mount point /)
Stopping at filesystem boundary (GIT_DISCOVERY_ACROSS_FILESYSTEM not set).
2025-05-03 13:36:40.168 [info] > git rev-parse --show-toplevel [3ms]
2025-05-03 13:36:40.168 [info] fatal: not a git repository (or any parent up to mount point /)
Stopping at filesystem boundary (GIT_DISCOVERY_ACROSS_FILESYSTEM not set).
2025-05-03 13:36:40.177 [info] > git rev-parse --show-toplevel [3ms]
2025-05-03 13:36:40.177 [info] fatal: not a git repository (or any parent up to mount point /)
Stopping at filesystem boundary (GIT_DISCOVERY_ACROSS_FILESYSTEM not set).
2025-05-03 13:36:40.194 [info] > git rev-parse --show-toplevel [11ms]
2025-05-03 13:36:40.194 [info] fatal: not a git repository (or any parent up to mount point /)
Stopping at filesystem boundary (GIT_DISCOVERY_ACROSS_FILESYSTEM not set).
2025-05-03 13:36:40.216 [info] > git rev-parse --show-toplevel [5ms]
2025-05-03 13:36:40.216 [info] fatal: not a git repository (or any parent up to mount point /)
Stopping at filesystem boundary (GIT_DISCOVERY_ACROSS_FILESYSTEM not set).
2025-05-03 13:36:40.223 [info] > git rev-parse --show-toplevel [3ms]
2025-05-03 13:36:40.223 [info] fatal: not a git repository (or any parent up to mount point /)
Stopping at filesystem boundary (GIT_DISCOVERY_ACROSS_FILESYSTEM not set).
2025-05-03 13:36:40.232 [info] > git rev-parse --show-toplevel [4ms]
2025-05-03 13:36:40.232 [info] fatal: not a git repository (or any parent up to mount point /)
Stopping at filesystem boundary (GIT_DISCOVERY_ACROSS_FILESYSTEM not set).
2025-05-03 13:36:40.233 [info] [Model][doInitialScan] Initial repository scan completed - repositories (0), closed repositories (0), parent repositories (0), unsafe repositories (0)
2025-05-03 13:37:06.397 [info] > git rev-parse --show-toplevel [8ms]
2025-05-03 13:37:06.397 [info] fatal: not a git repository (or any parent up to mount point /)
Stopping at filesystem boundary (GIT_DISCOVERY_ACROSS_FILESYSTEM not set).
2025-05-03 13:59:38.765 [info] > git rev-parse --show-toplevel [10ms]
2025-05-03 13:59:38.766 [info] fatal: not a git repository (or any parent up to mount point /)
Stopping at filesystem boundary (GIT_DISCOVERY_ACROSS_FILESYSTEM not set).
2025-05-03 14:05:08.667 [info] > git rev-parse --show-toplevel [6ms]
2025-05-03 14:05:08.667 [info] fatal: not a git repository (or any parent up to mount point /)
Stopping at filesystem boundary (GIT_DISCOVERY_ACROSS_FILESYSTEM not set).
2025-05-03 14:34:51.626 [info] > git rev-parse --show-toplevel [10ms]
2025-05-03 14:34:51.627 [info] fatal: not a git repository (or any parent up to mount point /)
Stopping at filesystem boundary (GIT_DISCOVERY_ACROSS_FILESYSTEM not set).
