2025-05-03 10:19:24.790 [info] [main] Log level: Info
2025-05-03 10:19:24.790 [info] [main] Validating found git in: "git"
2025-05-03 10:19:24.790 [info] [main] Using git "2.43.0" from "git"
2025-05-03 10:19:24.790 [info] [Model][doInitialScan] Initial repository scan started
2025-05-03 10:19:24.790 [info] > git rev-parse --show-toplevel [5ms]
2025-05-03 10:19:24.790 [info] fatal: not a git repository (or any parent up to mount point /)
Stopping at filesystem boundary (GIT_DISCOVERY_ACROSS_FILESYSTEM not set).
2025-05-03 10:19:24.790 [info] > git rev-parse --show-toplevel [3ms]
2025-05-03 10:19:24.790 [info] fatal: not a git repository (or any parent up to mount point /)
Stopping at filesystem boundary (GIT_DISCOVERY_ACROSS_FILESYSTEM not set).
2025-05-03 10:19:24.790 [info] > git rev-parse --show-toplevel [2ms]
2025-05-03 10:19:24.790 [info] fatal: not a git repository (or any parent up to mount point /)
Stopping at filesystem boundary (GIT_DISCOVERY_ACROSS_FILESYSTEM not set).
2025-05-03 10:19:24.790 [info] > git rev-parse --show-toplevel [3ms]
2025-05-03 10:19:24.790 [info] fatal: not a git repository (or any parent up to mount point /)
Stopping at filesystem boundary (GIT_DISCOVERY_ACROSS_FILESYSTEM not set).
2025-05-03 10:19:24.790 [info] > git rev-parse --show-toplevel [2ms]
2025-05-03 10:19:24.790 [info] fatal: not a git repository (or any parent up to mount point /)
Stopping at filesystem boundary (GIT_DISCOVERY_ACROSS_FILESYSTEM not set).
2025-05-03 10:19:24.790 [info] > git rev-parse --show-toplevel [3ms]
2025-05-03 10:19:24.790 [info] fatal: not a git repository (or any parent up to mount point /)
Stopping at filesystem boundary (GIT_DISCOVERY_ACROSS_FILESYSTEM not set).
2025-05-03 10:19:24.790 [info] > git rev-parse --show-toplevel [3ms]
2025-05-03 10:19:24.790 [info] fatal: not a git repository (or any parent up to mount point /)
Stopping at filesystem boundary (GIT_DISCOVERY_ACROSS_FILESYSTEM not set).
2025-05-03 10:19:24.790 [info] > git rev-parse --show-toplevel [3ms]
2025-05-03 10:19:24.790 [info] fatal: not a git repository (or any parent up to mount point /)
Stopping at filesystem boundary (GIT_DISCOVERY_ACROSS_FILESYSTEM not set).
2025-05-03 10:19:24.790 [info] [Model][doInitialScan] Initial repository scan completed - repositories (0), closed repositories (0), parent repositories (0), unsafe repositories (0)
2025-05-03 10:19:36.276 [info] > git rev-parse --show-toplevel [23ms]
2025-05-03 10:19:36.277 [info] fatal: not a git repository (or any parent up to mount point /)
Stopping at filesystem boundary (GIT_DISCOVERY_ACROSS_FILESYSTEM not set).
2025-05-03 10:19:36.312 [info] > git rev-parse --show-toplevel [18ms]
2025-05-03 10:19:36.312 [info] fatal: not a git repository (or any parent up to mount point /)
Stopping at filesystem boundary (GIT_DISCOVERY_ACROSS_FILESYSTEM not set).
2025-05-03 10:21:52.183 [info] > git rev-parse --show-toplevel [7ms]
2025-05-03 10:21:52.183 [info] fatal: not a git repository (or any parent up to mount point /)
Stopping at filesystem boundary (GIT_DISCOVERY_ACROSS_FILESYSTEM not set).
2025-05-03 10:40:18.348 [info] > git rev-parse --show-toplevel [7ms]
2025-05-03 10:40:18.348 [info] fatal: not a git repository (or any parent up to mount point /)
Stopping at filesystem boundary (GIT_DISCOVERY_ACROSS_FILESYSTEM not set).
2025-05-03 10:41:53.095 [info] > git rev-parse --show-toplevel [7ms]
2025-05-03 10:41:53.096 [info] fatal: not a git repository (or any parent up to mount point /)
Stopping at filesystem boundary (GIT_DISCOVERY_ACROSS_FILESYSTEM not set).
2025-05-03 11:03:30.560 [info] > git rev-parse --show-toplevel [8ms]
2025-05-03 11:03:30.560 [info] fatal: not a git repository (or any parent up to mount point /)
Stopping at filesystem boundary (GIT_DISCOVERY_ACROSS_FILESYSTEM not set).
2025-05-03 12:29:33.026 [info] > git rev-parse --show-toplevel [5ms]
2025-05-03 12:29:33.095 [info] fatal: not a git repository (or any parent up to mount point /)
Stopping at filesystem boundary (GIT_DISCOVERY_ACROSS_FILESYSTEM not set).
2025-05-03 12:29:43.231 [info] > git rev-parse --show-toplevel [4ms]
2025-05-03 12:29:43.231 [info] fatal: not a git repository (or any parent up to mount point /)
Stopping at filesystem boundary (GIT_DISCOVERY_ACROSS_FILESYSTEM not set).
2025-05-03 12:35:12.379 [info] > git rev-parse --show-toplevel [3ms]
2025-05-03 12:35:12.379 [info] fatal: not a git repository (or any parent up to mount point /)
Stopping at filesystem boundary (GIT_DISCOVERY_ACROSS_FILESYSTEM not set).
2025-05-03 12:35:25.403 [info] > git rev-parse --show-toplevel [6ms]
2025-05-03 12:35:25.403 [info] fatal: not a git repository (or any parent up to mount point /)
Stopping at filesystem boundary (GIT_DISCOVERY_ACROSS_FILESYSTEM not set).
2025-05-03 13:11:19.271 [info] > git rev-parse --show-toplevel [3ms]
2025-05-03 13:11:19.272 [info] fatal: not a git repository (or any parent up to mount point /)
Stopping at filesystem boundary (GIT_DISCOVERY_ACROSS_FILESYSTEM not set).
2025-05-03 13:11:20.940 [info] > git rev-parse --show-toplevel [6ms]
2025-05-03 13:11:20.940 [info] fatal: not a git repository (or any parent up to mount point /)
Stopping at filesystem boundary (GIT_DISCOVERY_ACROSS_FILESYSTEM not set).
