2025-05-04 08:04:44.678 [info] [main] Log level: Info
2025-05-04 08:04:44.678 [info] [main] Validating found git in: "git"
2025-05-04 08:04:44.678 [info] [main] Using git "2.43.0" from "git"
2025-05-04 08:04:44.678 [info] [Model][doInitialScan] Initial repository scan started
2025-05-04 08:04:44.678 [info] > git rev-parse --show-toplevel [16ms]
2025-05-04 08:04:44.678 [info] fatal: not a git repository (or any parent up to mount point /)
Stopping at filesystem boundary (GIT_DISCOVERY_ACROSS_FILESYSTEM not set).
2025-05-04 08:04:44.678 [info] > git rev-parse --show-toplevel [7ms]
2025-05-04 08:04:44.678 [info] fatal: not a git repository (or any parent up to mount point /)
Stopping at filesystem boundary (GIT_DISCOVERY_ACROSS_FILESYSTEM not set).
2025-05-04 08:04:44.696 [info] > git rev-parse --show-toplevel [4ms]
2025-05-04 08:04:44.696 [info] fatal: not a git repository (or any parent up to mount point /)
Stopping at filesystem boundary (GIT_DISCOVERY_ACROSS_FILESYSTEM not set).
2025-05-04 08:04:44.711 [info] > git rev-parse --show-toplevel [1ms]
2025-05-04 08:04:44.711 [info] fatal: not a git repository (or any parent up to mount point /)
Stopping at filesystem boundary (GIT_DISCOVERY_ACROSS_FILESYSTEM not set).
2025-05-04 08:04:44.721 [info] > git rev-parse --show-toplevel [3ms]
2025-05-04 08:04:44.722 [info] fatal: not a git repository (or any parent up to mount point /)
Stopping at filesystem boundary (GIT_DISCOVERY_ACROSS_FILESYSTEM not set).
2025-05-04 08:04:44.733 [info] > git rev-parse --show-toplevel [2ms]
2025-05-04 08:04:44.733 [info] fatal: not a git repository (or any parent up to mount point /)
Stopping at filesystem boundary (GIT_DISCOVERY_ACROSS_FILESYSTEM not set).
2025-05-04 08:04:44.743 [info] > git rev-parse --show-toplevel [2ms]
2025-05-04 08:04:44.744 [info] fatal: not a git repository (or any parent up to mount point /)
Stopping at filesystem boundary (GIT_DISCOVERY_ACROSS_FILESYSTEM not set).
2025-05-04 08:04:44.756 [info] > git rev-parse --show-toplevel [3ms]
2025-05-04 08:04:44.756 [info] fatal: not a git repository (or any parent up to mount point /)
Stopping at filesystem boundary (GIT_DISCOVERY_ACROSS_FILESYSTEM not set).
2025-05-04 08:04:44.819 [info] > git rev-parse --show-toplevel [53ms]
2025-05-04 08:04:44.819 [info] fatal: not a git repository (or any parent up to mount point /)
Stopping at filesystem boundary (GIT_DISCOVERY_ACROSS_FILESYSTEM not set).
2025-05-04 08:04:44.837 [info] > git rev-parse --show-toplevel [8ms]
2025-05-04 08:04:44.838 [info] fatal: not a git repository (or any parent up to mount point /)
Stopping at filesystem boundary (GIT_DISCOVERY_ACROSS_FILESYSTEM not set).
2025-05-04 08:04:44.862 [info] > git rev-parse --show-toplevel [14ms]
2025-05-04 08:04:44.862 [info] fatal: not a git repository (or any parent up to mount point /)
Stopping at filesystem boundary (GIT_DISCOVERY_ACROSS_FILESYSTEM not set).
2025-05-04 08:04:44.916 [info] > git rev-parse --show-toplevel [42ms]
2025-05-04 08:04:44.917 [info] fatal: not a git repository (or any parent up to mount point /)
Stopping at filesystem boundary (GIT_DISCOVERY_ACROSS_FILESYSTEM not set).
2025-05-04 08:04:45.699 [info] > git rev-parse --show-toplevel [767ms]
2025-05-04 08:04:45.701 [info] fatal: not a git repository (or any parent up to mount point /)
Stopping at filesystem boundary (GIT_DISCOVERY_ACROSS_FILESYSTEM not set).
2025-05-04 08:04:45.740 [info] > git rev-parse --show-toplevel [21ms]
2025-05-04 08:04:45.740 [info] fatal: not a git repository (or any parent up to mount point /)
Stopping at filesystem boundary (GIT_DISCOVERY_ACROSS_FILESYSTEM not set).
2025-05-04 08:04:45.742 [info] [Model][doInitialScan] Initial repository scan completed - repositories (0), closed repositories (0), parent repositories (0), unsafe repositories (0)
2025-05-04 08:05:31.931 [info] > git rev-parse --show-toplevel [3ms]
2025-05-04 08:05:31.931 [info] fatal: not a git repository (or any parent up to mount point /)
Stopping at filesystem boundary (GIT_DISCOVERY_ACROSS_FILESYSTEM not set).
2025-05-04 08:05:32.437 [info] > git rev-parse --show-toplevel [5ms]
2025-05-04 08:05:32.437 [info] fatal: not a git repository (or any parent up to mount point /)
Stopping at filesystem boundary (GIT_DISCOVERY_ACROSS_FILESYSTEM not set).
2025-05-04 08:05:32.807 [info] > git rev-parse --show-toplevel [7ms]
2025-05-04 08:05:32.807 [info] fatal: not a git repository (or any parent up to mount point /)
Stopping at filesystem boundary (GIT_DISCOVERY_ACROSS_FILESYSTEM not set).
2025-05-04 08:05:36.888 [info] > git rev-parse --show-toplevel [3ms]
2025-05-04 08:05:36.889 [info] fatal: not a git repository (or any parent up to mount point /)
Stopping at filesystem boundary (GIT_DISCOVERY_ACROSS_FILESYSTEM not set).
2025-05-04 08:05:36.913 [info] > git rev-parse --show-toplevel [8ms]
2025-05-04 08:05:36.913 [info] fatal: not a git repository (or any parent up to mount point /)
Stopping at filesystem boundary (GIT_DISCOVERY_ACROSS_FILESYSTEM not set).
2025-05-04 08:05:36.970 [info] > git rev-parse --show-toplevel [10ms]
2025-05-04 08:05:36.970 [info] fatal: not a git repository (or any parent up to mount point /)
Stopping at filesystem boundary (GIT_DISCOVERY_ACROSS_FILESYSTEM not set).
2025-05-04 08:05:37.021 [info] > git rev-parse --show-toplevel [10ms]
2025-05-04 08:05:37.022 [info] fatal: not a git repository (or any parent up to mount point /)
Stopping at filesystem boundary (GIT_DISCOVERY_ACROSS_FILESYSTEM not set).
2025-05-04 08:05:37.083 [info] > git rev-parse --show-toplevel [26ms]
2025-05-04 08:05:37.084 [info] fatal: not a git repository (or any parent up to mount point /)
Stopping at filesystem boundary (GIT_DISCOVERY_ACROSS_FILESYSTEM not set).
2025-05-04 08:05:37.168 [info] > git rev-parse --show-toplevel [28ms]
2025-05-04 08:05:37.168 [info] fatal: not a git repository (or any parent up to mount point /)
Stopping at filesystem boundary (GIT_DISCOVERY_ACROSS_FILESYSTEM not set).
2025-05-04 08:05:37.271 [info] > git rev-parse --show-toplevel [41ms]
2025-05-04 08:05:37.276 [info] fatal: not a git repository (or any parent up to mount point /)
Stopping at filesystem boundary (GIT_DISCOVERY_ACROSS_FILESYSTEM not set).
2025-05-04 08:05:37.367 [info] > git rev-parse --show-toplevel [27ms]
2025-05-04 08:05:37.367 [info] fatal: not a git repository (or any parent up to mount point /)
Stopping at filesystem boundary (GIT_DISCOVERY_ACROSS_FILESYSTEM not set).
2025-05-04 08:05:37.456 [info] > git rev-parse --show-toplevel [25ms]
2025-05-04 08:05:37.472 [info] fatal: not a git repository (or any parent up to mount point /)
Stopping at filesystem boundary (GIT_DISCOVERY_ACROSS_FILESYSTEM not set).
2025-05-04 08:08:20.742 [info] > git rev-parse --show-toplevel [2ms]
2025-05-04 08:08:20.753 [info] > git rev-parse --git-dir --git-common-dir [2ms]
2025-05-04 08:08:20.768 [info] [Model][openRepository] Opened repository: /home/mzone7325
2025-05-04 08:08:20.795 [info] > git config --get commit.template [12ms]
2025-05-04 08:08:20.796 [info] [Git][getRemotes] No remotes found in the git config file
2025-05-04 08:08:20.797 [info] > git for-each-ref --format=%(refname)%00%(upstream:short)%00%(objectname)%00%(upstream:track)%00%(upstream:remotename)%00%(upstream:remoteref) refs/heads/main refs/remotes/main [3ms]
2025-05-04 08:08:20.797 [warning] [Git][getBranch] No such branch: main
2025-05-04 08:08:20.829 [info] > git for-each-ref --sort -committerdate --format %(refname) %(objectname) %(*objectname) [6ms]
2025-05-04 08:08:21.084 [info] > git status -z -uall [278ms] (cancelled)
2025-05-04 08:09:20.709 [info] > git check-ignore -v -z --stdin [2ms]
2025-05-04 08:10:00.121 [info] > git show --textconv :my-agents/hotel-agent-app/agent.py [17ms]
2025-05-04 08:10:00.122 [info] > git ls-files --stage -- /home/mzone7325/my-agents/hotel-agent-app/agent.py [6ms]
2025-05-04 08:10:06.059 [info] > git for-each-ref --format=%(refname)%00%(upstream:short)%00%(objectname)%00%(upstream:track)%00%(upstream:remotename)%00%(upstream:remoteref) refs/heads/main refs/remotes/main [1575ms]
2025-05-04 08:10:06.059 [warning] [Git][getBranch] No such branch: main
2025-05-04 08:10:06.070 [error] [GitHistoryProvider][resolveHEADMergeBase] Failed to resolve merge base for main: Error: No such branch: main.
2025-05-04 08:10:06.184 [info] > git config --get commit.template [126ms]
2025-05-04 08:10:06.187 [info] [Git][getRemotes] No remotes found in the git config file
2025-05-04 08:10:06.235 [info] > git for-each-ref --format=%(refname)%00%(upstream:short)%00%(objectname)%00%(upstream:track)%00%(upstream:remotename)%00%(upstream:remoteref) refs/heads/main refs/remotes/main [29ms]
2025-05-04 08:10:06.236 [warning] [Git][getBranch] No such branch: main
2025-05-04 08:10:06.336 [info] > git for-each-ref --sort -committerdate --format %(refname) %(objectname) %(*objectname) [20ms]
2025-05-04 08:10:07.078 [info] > git status -z -uall [824ms] (cancelled)
