2025-05-03 11:41:37.455 [info] [main] Log level: Info
2025-05-03 11:41:37.455 [info] [main] Validating found git in: "git"
2025-05-03 11:41:37.455 [info] [main] Using git "2.43.0" from "git"
2025-05-03 11:41:37.455 [info] [Model][doInitialScan] Initial repository scan started
2025-05-03 11:41:37.455 [info] > git rev-parse --show-toplevel [6ms]
2025-05-03 11:41:37.455 [info] fatal: not a git repository (or any parent up to mount point /)
Stopping at filesystem boundary (GIT_DISCOVERY_ACROSS_FILESYSTEM not set).
2025-05-03 11:41:37.455 [info] > git rev-parse --show-toplevel [3ms]
2025-05-03 11:41:37.455 [info] fatal: not a git repository (or any parent up to mount point /)
Stopping at filesystem boundary (GIT_DISCOVERY_ACROSS_FILESYSTEM not set).
2025-05-03 11:41:37.455 [info] > git rev-parse --show-toplevel [2ms]
2025-05-03 11:41:37.455 [info] fatal: not a git repository (or any parent up to mount point /)
Stopping at filesystem boundary (GIT_DISCOVERY_ACROSS_FILESYSTEM not set).
2025-05-03 11:41:37.455 [info] > git rev-parse --show-toplevel [55ms]
2025-05-03 11:41:37.455 [info] fatal: not a git repository (or any parent up to mount point /)
Stopping at filesystem boundary (GIT_DISCOVERY_ACROSS_FILESYSTEM not set).
2025-05-03 11:41:37.455 [info] > git rev-parse --show-toplevel [15ms]
2025-05-03 11:41:37.455 [info] fatal: not a git repository (or any parent up to mount point /)
Stopping at filesystem boundary (GIT_DISCOVERY_ACROSS_FILESYSTEM not set).
2025-05-03 11:41:37.455 [info] > git rev-parse --show-toplevel [3ms]
2025-05-03 11:41:37.455 [info] fatal: not a git repository (or any parent up to mount point /)
Stopping at filesystem boundary (GIT_DISCOVERY_ACROSS_FILESYSTEM not set).
2025-05-03 11:41:37.455 [info] > git rev-parse --show-toplevel [3ms]
2025-05-03 11:41:37.455 [info] fatal: not a git repository (or any parent up to mount point /)
Stopping at filesystem boundary (GIT_DISCOVERY_ACROSS_FILESYSTEM not set).
2025-05-03 11:41:37.455 [info] > git rev-parse --show-toplevel [2ms]
2025-05-03 11:41:37.455 [info] fatal: not a git repository (or any parent up to mount point /)
Stopping at filesystem boundary (GIT_DISCOVERY_ACROSS_FILESYSTEM not set).
2025-05-03 11:41:37.455 [info] > git rev-parse --show-toplevel [5ms]
2025-05-03 11:41:37.455 [info] fatal: not a git repository (or any parent up to mount point /)
Stopping at filesystem boundary (GIT_DISCOVERY_ACROSS_FILESYSTEM not set).
2025-05-03 11:41:37.455 [info] > git rev-parse --show-toplevel [2ms]
2025-05-03 11:41:37.455 [info] fatal: not a git repository (or any parent up to mount point /)
Stopping at filesystem boundary (GIT_DISCOVERY_ACROSS_FILESYSTEM not set).
2025-05-03 11:41:37.455 [info] [Model][doInitialScan] Initial repository scan completed - repositories (0), closed repositories (0), parent repositories (0), unsafe repositories (0)
2025-05-03 11:41:43.583 [info] > git rev-parse --show-toplevel [11ms]
2025-05-03 11:41:43.586 [info] fatal: not a git repository (or any parent up to mount point /)
Stopping at filesystem boundary (GIT_DISCOVERY_ACROSS_FILESYSTEM not set).
2025-05-03 11:41:45.748 [info] > git rev-parse --show-toplevel [108ms]
2025-05-03 11:41:45.748 [info] fatal: not a git repository (or any parent up to mount point /)
Stopping at filesystem boundary (GIT_DISCOVERY_ACROSS_FILESYSTEM not set).
2025-05-03 11:41:57.572 [info] > git rev-parse --show-toplevel [49ms]
2025-05-03 11:41:57.575 [info] fatal: not a git repository (or any parent up to mount point /)
Stopping at filesystem boundary (GIT_DISCOVERY_ACROSS_FILESYSTEM not set).
2025-05-03 11:41:57.660 [info] > git rev-parse --show-toplevel [35ms]
2025-05-03 11:41:57.669 [info] fatal: not a git repository (or any parent up to mount point /)
Stopping at filesystem boundary (GIT_DISCOVERY_ACROSS_FILESYSTEM not set).
2025-05-03 11:41:57.744 [info] > git rev-parse --show-toplevel [24ms]
2025-05-03 11:41:57.744 [info] fatal: not a git repository (or any parent up to mount point /)
Stopping at filesystem boundary (GIT_DISCOVERY_ACROSS_FILESYSTEM not set).
2025-05-03 11:43:04.524 [info] > git rev-parse --show-toplevel [8ms]
2025-05-03 11:43:04.525 [info] fatal: not a git repository (or any parent up to mount point /)
Stopping at filesystem boundary (GIT_DISCOVERY_ACROSS_FILESYSTEM not set).
2025-05-03 11:43:25.632 [info] > git rev-parse --show-toplevel [3ms]
2025-05-03 11:43:25.632 [info] fatal: not a git repository (or any parent up to mount point /)
Stopping at filesystem boundary (GIT_DISCOVERY_ACROSS_FILESYSTEM not set).
2025-05-03 11:47:37.355 [info] > git rev-parse --show-toplevel [7ms]
2025-05-03 11:47:37.355 [info] fatal: not a git repository (or any parent up to mount point /)
Stopping at filesystem boundary (GIT_DISCOVERY_ACROSS_FILESYSTEM not set).
2025-05-03 12:04:45.735 [info] > git rev-parse --show-toplevel [10ms]
2025-05-03 12:04:45.781 [info] fatal: not a git repository (or any parent up to mount point /)
Stopping at filesystem boundary (GIT_DISCOVERY_ACROSS_FILESYSTEM not set).
2025-05-03 12:08:10.479 [info] > git rev-parse --show-toplevel [5ms]
2025-05-03 12:08:10.479 [info] fatal: not a git repository (or any parent up to mount point /)
Stopping at filesystem boundary (GIT_DISCOVERY_ACROSS_FILESYSTEM not set).
2025-05-03 12:08:51.048 [info] > git rev-parse --show-toplevel [5ms]
2025-05-03 12:08:51.048 [info] fatal: not a git repository (or any parent up to mount point /)
Stopping at filesystem boundary (GIT_DISCOVERY_ACROSS_FILESYSTEM not set).
2025-05-03 12:10:21.942 [info] > git rev-parse --show-toplevel [4ms]
2025-05-03 12:10:21.942 [info] fatal: not a git repository (or any parent up to mount point /)
Stopping at filesystem boundary (GIT_DISCOVERY_ACROSS_FILESYSTEM not set).
