2025-05-04 11:09:25.376 [info] [main] Log level: Info
2025-05-04 11:09:25.378 [info] [main] Validating found git in: "git"
2025-05-04 11:09:25.378 [info] [main] Using git "2.43.0" from "git"
2025-05-04 11:09:25.378 [info] [Model][doInitialScan] Initial repository scan started
2025-05-04 11:09:25.378 [info] > git rev-parse --show-toplevel [273ms]
2025-05-04 11:09:25.378 [info] > git rev-parse --git-dir --git-common-dir [653ms]
2025-05-04 11:09:25.378 [info] [Model][openRepository] Opened repository: /home/mzone7325
2025-05-04 11:09:25.617 [info] > git rev-parse --show-toplevel [326ms]
2025-05-04 11:09:25.634 [info] > git config --get commit.template [380ms]
2025-05-04 11:09:26.449 [info] > git for-each-ref --format=%(refname)%00%(upstream:short)%00%(objectname)%00%(upstream:track)%00%(upstream:remotename)%00%(upstream:remoteref) refs/heads/main refs/remotes/main [180ms]
2025-05-04 11:09:26.792 [info] > git check-ignore -v -z --stdin [596ms]
2025-05-04 11:09:26.844 [info] > git for-each-ref --sort -committerdate --format %(refname) %(objectname) %(*objectname) [286ms]
2025-05-04 11:09:27.062 [info] > git rev-parse --show-toplevel [151ms]
2025-05-04 11:09:27.120 [info] > git rev-parse --show-toplevel [15ms]
2025-05-04 11:09:27.178 [info] > git rev-parse --show-toplevel [12ms]
2025-05-04 11:09:27.252 [info] > git status -z -uall [746ms]
2025-05-04 11:09:27.856 [info] > git for-each-ref --format=%(refname)%00%(upstream:short)%00%(objectname)%00%(upstream:track)%00%(upstream:remotename)%00%(upstream:remoteref) refs/heads/main refs/remotes/main [493ms]
2025-05-04 11:09:27.912 [info] > git rev-parse --show-toplevel [692ms]
2025-05-04 11:09:28.099 [info] > git config --get commit.template [289ms]
2025-05-04 11:09:28.584 [info] > git config --local branch.main.vscode-merge-base [673ms]
2025-05-04 11:09:28.584 [warning] [Git][config] git config failed: Failed to execute git
2025-05-04 11:09:28.675 [info] > git rev-parse --show-toplevel [583ms]
2025-05-04 11:09:28.730 [info] > git reflog main --grep-reflog=branch: Created from *. [109ms]
2025-05-04 11:09:28.803 [info] > git rev-parse --show-toplevel [76ms]
2025-05-04 11:09:28.812 [info] > git for-each-ref --format=%(refname)%00%(upstream:short)%00%(objectname)%00%(upstream:track)%00%(upstream:remotename)%00%(upstream:remoteref) refs/heads/main refs/remotes/main [143ms]
2025-05-04 11:09:29.140 [info] > git symbolic-ref --short refs/remotes/origin/HEAD [366ms]
2025-05-04 11:09:29.145 [info] fatal: ref refs/remotes/origin/HEAD is not a symbolic ref
2025-05-04 11:09:29.145 [warning] [Repository][getDefaultBranch] Failed to get default branch details: Failed to execute git.
2025-05-04 11:09:29.198 [info] > git rev-parse --show-toplevel [121ms]
2025-05-04 11:09:29.199 [info] > git for-each-ref --sort -committerdate --format %(refname) %(objectname) %(*objectname) [261ms]
2025-05-04 11:09:29.320 [info] > git rev-parse --show-toplevel [37ms]
2025-05-04 11:09:29.451 [info] > git rev-parse --show-toplevel [44ms]
2025-05-04 11:09:29.659 [info] > git rev-parse --show-toplevel [126ms]
2025-05-04 11:09:29.860 [info] > git rev-parse --show-toplevel [130ms]
2025-05-04 11:09:30.438 [info] > git status -z -uall [1573ms]
2025-05-04 11:09:30.848 [info] > git rev-parse --show-toplevel [443ms]
2025-05-04 11:09:30.849 [info] [Model][doInitialScan] Initial repository scan completed - repositories (1), closed repositories (0), parent repositories (0), unsafe repositories (0)
2025-05-04 11:09:31.354 [info] > git show --textconv :my-agents/hotel-agent-app/agent.py [436ms]
2025-05-04 11:09:31.361 [info] > git ls-files --stage -- /home/mzone7325/my-agents/hotel-agent-app/agent.py [349ms]
2025-05-04 11:09:31.744 [info] > git cat-file -s e6d10ddfd10ed846a9b95a983e5baf63e5931cac [310ms]
2025-05-04 11:09:32.199 [info] > git fetch [1593ms]
2025-05-04 11:09:32.437 [info] > git config --get commit.template [53ms]
2025-05-04 11:09:32.799 [info] > git for-each-ref --format=%(refname)%00%(upstream:short)%00%(objectname)%00%(upstream:track)%00%(upstream:remotename)%00%(upstream:remoteref) refs/heads/main refs/remotes/main [161ms]
2025-05-04 11:09:33.311 [info] > git for-each-ref --sort -committerdate --format %(refname) %(objectname) %(*objectname) [149ms]
2025-05-04 11:09:46.709 [info] > git status -z -uall [13762ms]
2025-05-04 11:10:30.587 [info] > git config --get commit.template [80ms]
2025-05-04 11:10:30.702 [info] > git check-ignore -v -z --stdin [141ms]
2025-05-04 11:10:30.730 [info] > git for-each-ref --format=%(refname)%00%(upstream:short)%00%(objectname)%00%(upstream:track)%00%(upstream:remotename)%00%(upstream:remoteref) refs/heads/main refs/remotes/main [52ms]
2025-05-04 11:10:30.983 [info] > git for-each-ref --sort -committerdate --format %(refname) %(objectname) %(*objectname) [55ms]
2025-05-04 11:10:31.507 [info] > git status -z -uall [737ms]
2025-05-04 11:10:32.134 [info] > git show --textconv HEAD:.cache/cloud-code/api-metadata/libraries.csv [264ms]
2025-05-04 11:10:32.141 [info] > git ls-files --stage -- /home/mzone7325/my-agents/hotel-agent-app/agent.py [82ms]
2025-05-04 11:10:32.205 [info] > git ls-tree -l HEAD -- /home/mzone7325/.cache/cloud-code/api-metadata/libraries.csv [256ms]
2025-05-04 11:10:32.243 [info] > git cat-file -s e6d10ddfd10ed846a9b95a983e5baf63e5931cac [35ms]
2025-05-04 11:10:32.924 [info] > git show --textconv :my-agents/hotel-agent-app/agent.py [62ms]
2025-05-04 11:10:33.460 [info] > git check-ignore -v -z --stdin [277ms]
2025-05-04 11:10:36.065 [info] > git show --textconv :my-agents/hotel-agent-app/agent.py [210ms]
2025-05-04 11:10:36.137 [info] > git ls-files --stage -- /home/mzone7325/my-agents/hotel-agent-app/agent.py [113ms]
2025-05-04 11:10:36.295 [info] > git cat-file -s e6d10ddfd10ed846a9b95a983e5baf63e5931cac [51ms]
2025-05-04 11:10:36.787 [info] > git config --get commit.template [121ms]
2025-05-04 11:10:36.799 [info] > git for-each-ref --format=%(refname)%00%(upstream:short)%00%(objectname)%00%(upstream:track)%00%(upstream:remotename)%00%(upstream:remoteref) refs/heads/main refs/remotes/main [24ms]
2025-05-04 11:10:37.108 [info] > git for-each-ref --sort -committerdate --format %(refname) %(objectname) %(*objectname) [60ms]
2025-05-04 11:10:37.977 [info] > git status -z -uall [1100ms]
2025-05-04 11:10:43.541 [info] > git config --get commit.template [340ms]
2025-05-04 11:10:44.017 [info] > git for-each-ref --format=%(refname)%00%(upstream:short)%00%(objectname)%00%(upstream:track)%00%(upstream:remotename)%00%(upstream:remoteref) refs/heads/main refs/remotes/main [100ms]
2025-05-04 11:10:44.743 [info] > git for-each-ref --sort -committerdate --format %(refname) %(objectname) %(*objectname) [330ms]
2025-05-04 11:10:45.268 [info] > git status -z -uall [1085ms]
2025-05-04 11:10:51.302 [info] > git config --get commit.template [25ms]
2025-05-04 11:10:51.392 [info] > git for-each-ref --format=%(refname)%00%(upstream:short)%00%(objectname)%00%(upstream:track)%00%(upstream:remotename)%00%(upstream:remoteref) refs/heads/main refs/remotes/main [26ms]
2025-05-04 11:10:51.601 [info] > git for-each-ref --sort -committerdate --format %(refname) %(objectname) %(*objectname) [48ms]
2025-05-04 11:10:52.064 [info] > git status -z -uall [610ms]
2025-05-04 11:10:53.694 [info] > git push origin main [2501ms]
2025-05-04 11:10:53.694 [info] To https://github.com/Twilight-Techy/build-with-ai.git
 ! [rejected]          main -> main (non-fast-forward)
error: failed to push some refs to 'https://github.com/Twilight-Techy/build-with-ai.git'
hint: Updates were rejected because the tip of your current branch is behind
hint: its remote counterpart. If you want to integrate the remote changes,
hint: use 'git pull' before pushing again.
hint: See the 'Note about fast-forwards' in 'git push --help' for details.
2025-05-04 11:10:53.772 [info] > git config --get commit.template [13ms]
2025-05-04 11:10:53.856 [info] > git for-each-ref --format=%(refname)%00%(upstream:short)%00%(objectname)%00%(upstream:track)%00%(upstream:remotename)%00%(upstream:remoteref) refs/heads/main refs/remotes/main [12ms]
2025-05-04 11:10:54.062 [info] > git for-each-ref --sort -committerdate --format %(refname) %(objectname) %(*objectname) [18ms]
2025-05-04 11:11:02.180 [info] > git status -z -uall [8259ms]
2025-05-04 11:11:02.212 [info] > git log --format=%H%n%aN%n%aE%n%at%n%ct%n%P%n%D%n%B -z --shortstat --diff-merges=first-parent -n50 --skip=0 --topo-order --decorate=full --stdin [32770ms]
2025-05-04 11:11:10.061 [info] > git config --get commit.template [256ms]
2025-05-04 11:11:10.250 [info] > git for-each-ref --format=%(refname)%00%(upstream:short)%00%(objectname)%00%(upstream:track)%00%(upstream:remotename)%00%(upstream:remoteref) refs/heads/main refs/remotes/main [68ms]
2025-05-04 11:11:10.693 [info] > git for-each-ref --sort -committerdate --format %(refname) %(objectname) %(*objectname) [38ms]
2025-05-04 11:11:11.127 [info] > git status -z -uall [669ms]
2025-05-04 11:11:12.860 [info] > git check-ignore -v -z --stdin [42ms]
2025-05-04 11:11:15.019 [info] > git log --oneline --cherry main...main@{upstream} -- [3ms]
2025-05-04 11:11:15.019 [info] fatal: no upstream configured for branch 'main'
2025-05-04 11:11:15.499 [info] > git pull --tags [463ms]
2025-05-04 11:11:15.499 [info] There is no tracking information for the current branch.
Please specify which branch you want to merge with.
See git-pull(1) for details.

    git pull <remote> <branch>

If you wish to set tracking information for this branch you can do so with:

    git branch --set-upstream-to=origin/<branch> main
2025-05-04 11:11:15.537 [info] > git config --get commit.template [18ms]
2025-05-04 11:11:15.539 [info] > git for-each-ref --format=%(refname)%00%(upstream:short)%00%(objectname)%00%(upstream:track)%00%(upstream:remotename)%00%(upstream:remoteref) refs/heads/main refs/remotes/main [3ms]
2025-05-04 11:11:15.644 [info] > git for-each-ref --sort -committerdate --format %(refname) %(objectname) %(*objectname) [3ms]
2025-05-04 11:11:15.754 [info] > git status -z -uall [197ms]
2025-05-04 11:11:16.181 [info] > git config --get commit.template [18ms]
2025-05-04 11:11:16.183 [info] > git for-each-ref --format=%(refname)%00%(upstream:short)%00%(objectname)%00%(upstream:track)%00%(upstream:remotename)%00%(upstream:remoteref) refs/heads/main refs/remotes/main [3ms]
2025-05-04 11:11:16.294 [info] > git for-each-ref --sort -committerdate --format %(refname) %(objectname) %(*objectname) [13ms]
2025-05-04 11:11:16.401 [info] > git status -z -uall [202ms]
2025-05-04 11:11:17.114 [info] > git ls-files --stage -- /home/mzone7325/my-agents/hotel-agent-app/agent.py [10ms]
2025-05-04 11:11:17.133 [info] > git cat-file -s e6d10ddfd10ed846a9b95a983e5baf63e5931cac [3ms]
2025-05-04 11:11:17.316 [info] > git show --textconv :my-agents/hotel-agent-app/agent.py [15ms]
2025-05-04 11:11:21.602 [info] > git config --get commit.template [19ms]
2025-05-04 11:11:21.603 [info] > git for-each-ref --format=%(refname)%00%(upstream:short)%00%(objectname)%00%(upstream:track)%00%(upstream:remotename)%00%(upstream:remoteref) refs/heads/main refs/remotes/main [3ms]
2025-05-04 11:11:21.704 [info] > git for-each-ref --sort -committerdate --format %(refname) %(objectname) %(*objectname) [4ms]
2025-05-04 11:11:21.802 [info] > git status -z -uall [184ms]
2025-05-04 11:11:40.842 [info] > git config --get commit.template [17ms]
2025-05-04 11:11:40.843 [info] > git for-each-ref --format=%(refname)%00%(upstream:short)%00%(objectname)%00%(upstream:track)%00%(upstream:remotename)%00%(upstream:remoteref) refs/heads/main refs/remotes/main [2ms]
2025-05-04 11:11:40.938 [info] > git for-each-ref --sort -committerdate --format %(refname) %(objectname) %(*objectname) [7ms]
2025-05-04 11:11:41.040 [info] > git status -z -uall [182ms]
2025-05-04 11:11:46.256 [info] > git log --oneline --cherry main...main@{upstream} -- [3ms]
2025-05-04 11:11:46.256 [info] fatal: no upstream configured for branch 'main'
2025-05-04 11:11:46.686 [info] > git pull --tags [416ms]
2025-05-04 11:11:46.686 [info] There is no tracking information for the current branch.
Please specify which branch you want to merge with.
See git-pull(1) for details.

    git pull <remote> <branch>

If you wish to set tracking information for this branch you can do so with:

    git branch --set-upstream-to=origin/<branch> main
2025-05-04 11:11:46.711 [info] > git config --get commit.template [13ms]
2025-05-04 11:11:46.712 [info] > git for-each-ref --format=%(refname)%00%(upstream:short)%00%(objectname)%00%(upstream:track)%00%(upstream:remotename)%00%(upstream:remoteref) refs/heads/main refs/remotes/main [2ms]
2025-05-04 11:11:46.795 [info] > git for-each-ref --sort -committerdate --format %(refname) %(objectname) %(*objectname) [6ms]
2025-05-04 11:11:46.901 [info] > git status -z -uall [178ms]
2025-05-04 11:11:48.339 [info] > git ls-files --stage -- /home/mzone7325/my-agents/hotel-agent-app/agent.py [21ms]
2025-05-04 11:11:48.363 [info] > git cat-file -s e6d10ddfd10ed846a9b95a983e5baf63e5931cac [4ms]
2025-05-04 11:11:48.563 [info] > git show --textconv :my-agents/hotel-agent-app/agent.py [10ms]
2025-05-04 11:12:41.688 [info] > git config --get commit.template [13ms]
2025-05-04 11:12:41.690 [info] > git for-each-ref --format=%(refname)%00%(upstream:short)%00%(objectname)%00%(upstream:track)%00%(upstream:remotename)%00%(upstream:remoteref) refs/heads/main refs/remotes/main [3ms]
2025-05-04 11:12:41.730 [info] > git for-each-ref --sort -committerdate --format %(refname) %(objectname) %(*objectname) [7ms]
2025-05-04 11:12:41.875 [info] > git status -z -uall [175ms]
2025-05-04 11:12:46.902 [info] > git config --get commit.template [12ms]
2025-05-04 11:12:46.904 [info] > git for-each-ref --format=%(refname)%00%(upstream:short)%00%(objectname)%00%(upstream:track)%00%(upstream:remotename)%00%(upstream:remoteref) refs/heads/main refs/remotes/main [3ms]
2025-05-04 11:12:46.971 [info] > git for-each-ref --sort -committerdate --format %(refname) %(objectname) %(*objectname) [29ms]
2025-05-04 11:12:47.092 [info] > git status -z -uall [178ms]
2025-05-04 11:12:47.496 [info] > git fetch [390ms]
2025-05-04 11:12:47.521 [info] > git config --get commit.template [12ms]
2025-05-04 11:12:47.524 [info] > git for-each-ref --format=%(refname)%00%(upstream:short)%00%(objectname)%00%(upstream:track)%00%(upstream:remotename)%00%(upstream:remoteref) refs/heads/main refs/remotes/main [3ms]
2025-05-04 11:12:47.607 [info] > git for-each-ref --sort -committerdate --format %(refname) %(objectname) %(*objectname) [8ms]
2025-05-04 11:12:47.725 [info] > git status -z -uall [190ms]
2025-05-04 11:12:48.103 [info] > git push [3ms]
2025-05-04 11:12:48.103 [info] fatal: The current branch main has no upstream branch.
To push the current branch and set the remote as upstream, use

    git push --set-upstream origin main

To have this happen automatically for branches without a tracking
upstream, see 'push.autoSetupRemote' in 'git help config'.
2025-05-04 11:12:48.126 [info] > git config --get commit.template [12ms]
2025-05-04 11:12:48.128 [info] > git for-each-ref --format=%(refname)%00%(upstream:short)%00%(objectname)%00%(upstream:track)%00%(upstream:remotename)%00%(upstream:remoteref) refs/heads/main refs/remotes/main [3ms]
2025-05-04 11:12:48.209 [info] > git for-each-ref --sort -committerdate --format %(refname) %(objectname) %(*objectname) [20ms]
2025-05-04 11:12:48.349 [info] > git status -z -uall [209ms]
2025-05-04 11:12:49.147 [info] > git ls-files --stage -- /home/mzone7325/my-agents/hotel-agent-app/agent.py [9ms]
2025-05-04 11:12:49.159 [info] > git cat-file -s e6d10ddfd10ed846a9b95a983e5baf63e5931cac [2ms]
2025-05-04 11:12:49.330 [info] > git show --textconv :my-agents/hotel-agent-app/agent.py [10ms]
2025-05-04 11:12:52.132 [info] > git config --get commit.template [13ms]
2025-05-04 11:12:52.134 [info] > git for-each-ref --format=%(refname)%00%(upstream:short)%00%(objectname)%00%(upstream:track)%00%(upstream:remotename)%00%(upstream:remoteref) refs/heads/main refs/remotes/main [3ms]
2025-05-04 11:12:52.200 [info] > git for-each-ref --sort -committerdate --format %(refname) %(objectname) %(*objectname) [13ms]
2025-05-04 11:12:52.317 [info] > git status -z -uall [172ms]
2025-05-04 11:12:53.912 [info] > git push -u origin main [1086ms]
2025-05-04 11:12:53.912 [info] To https://github.com/Twilight-Techy/build-with-ai.git
 ! [rejected]          main -> main (non-fast-forward)
error: failed to push some refs to 'https://github.com/Twilight-Techy/build-with-ai.git'
hint: Updates were rejected because the tip of your current branch is behind
hint: its remote counterpart. If you want to integrate the remote changes,
hint: use 'git pull' before pushing again.
hint: See the 'Note about fast-forwards' in 'git push --help' for details.
2025-05-04 11:12:53.930 [info] > git config --get commit.template [3ms]
2025-05-04 11:12:53.945 [info] > git for-each-ref --format=%(refname)%00%(upstream:short)%00%(objectname)%00%(upstream:track)%00%(upstream:remotename)%00%(upstream:remoteref) refs/heads/main refs/remotes/main [3ms]
2025-05-04 11:12:53.984 [info] > git for-each-ref --sort -committerdate --format %(refname) %(objectname) %(*objectname) [5ms]
2025-05-04 11:12:54.138 [info] > git status -z -uall [183ms]
2025-05-04 11:12:57.345 [info] > git config --get commit.template [13ms]
2025-05-04 11:12:57.346 [info] > git for-each-ref --format=%(refname)%00%(upstream:short)%00%(objectname)%00%(upstream:track)%00%(upstream:remotename)%00%(upstream:remoteref) refs/heads/main refs/remotes/main [2ms]
2025-05-04 11:12:57.414 [info] > git for-each-ref --sort -committerdate --format %(refname) %(objectname) %(*objectname) [13ms]
2025-05-04 11:12:57.534 [info] > git status -z -uall [178ms]
2025-05-04 11:13:40.435 [info] > git config --get commit.template [3ms]
2025-05-04 11:13:40.448 [info] > git for-each-ref --format=%(refname)%00%(upstream:short)%00%(objectname)%00%(upstream:track)%00%(upstream:remotename)%00%(upstream:remoteref) refs/heads/main refs/remotes/main [2ms]
2025-05-04 11:13:40.490 [info] > git for-each-ref --sort -committerdate --format %(refname) %(objectname) %(*objectname) [6ms]
2025-05-04 11:13:40.636 [info] > git status -z -uall [177ms]
2025-05-04 11:13:45.665 [info] > git config --get commit.template [13ms]
2025-05-04 11:13:45.666 [info] > git for-each-ref --format=%(refname)%00%(upstream:short)%00%(objectname)%00%(upstream:track)%00%(upstream:remotename)%00%(upstream:remoteref) refs/heads/main refs/remotes/main [3ms]
2025-05-04 11:13:45.751 [info] > git for-each-ref --sort -committerdate --format %(refname) %(objectname) %(*objectname) [6ms]
2025-05-04 11:13:45.851 [info] > git status -z -uall [174ms]
2025-05-04 11:13:51.009 [info] > git ls-files --stage -- /home/mzone7325/my-agents/hotel-agent-app/agent.py [8ms]
2025-05-04 11:13:51.022 [info] > git cat-file -s e6d10ddfd10ed846a9b95a983e5baf63e5931cac [3ms]
2025-05-04 11:13:51.250 [info] > git show --textconv :my-agents/hotel-agent-app/agent.py [9ms]
2025-05-04 11:14:03.825 [info] > git config --get commit.template [4ms]
2025-05-04 11:14:03.837 [info] > git for-each-ref --format=%(refname)%00%(upstream:short)%00%(objectname)%00%(upstream:track)%00%(upstream:remotename)%00%(upstream:remoteref) refs/heads/main refs/remotes/main [2ms]
2025-05-04 11:14:03.918 [info] > git for-each-ref --sort -committerdate --format %(refname) %(objectname) %(*objectname) [12ms]
2025-05-04 11:14:04.019 [info] > git ls-files --stage -- /home/mzone7325/my-agents/hotel-agent-app/agent.py [17ms]
2025-05-04 11:14:04.037 [info] > git status -z -uall [189ms]
2025-05-04 11:14:04.066 [info] > git merge-base refs/heads/main refs/remotes/origin/main [3ms]
2025-05-04 11:14:04.067 [info] > git cat-file -s e6d10ddfd10ed846a9b95a983e5baf63e5931cac [31ms]
2025-05-04 11:14:04.447 [info] > git show --textconv :my-agents/hotel-agent-app/agent.py [13ms]
2025-05-04 11:14:05.020 [info] > git check-ignore -v -z --stdin [14ms]
2025-05-04 11:14:09.089 [info] > git config --get commit.template [13ms]
2025-05-04 11:14:09.091 [info] > git for-each-ref --format=%(refname)%00%(upstream:short)%00%(objectname)%00%(upstream:track)%00%(upstream:remotename)%00%(upstream:remoteref) refs/heads/main refs/remotes/main [3ms]
2025-05-04 11:14:09.172 [info] > git for-each-ref --sort -committerdate --format %(refname) %(objectname) %(*objectname) [10ms]
2025-05-04 11:14:09.276 [info] > git status -z -uall [173ms]
2025-05-04 11:14:13.057 [info] > git ls-files --stage -- /home/mzone7325/my-agents/hotel-agent-app/agent.py [8ms]
2025-05-04 11:14:13.070 [info] > git cat-file -s e6d10ddfd10ed846a9b95a983e5baf63e5931cac [2ms]
2025-05-04 11:14:13.267 [info] > git show --textconv :my-agents/hotel-agent-app/agent.py [10ms]
