Initializing document watcher...
Document watcher initialized
/User/settings.json: Using EditorConfig core...
mzone7325/what-logs-say/main.py: {}
mzone7325/what-logs-say/main.py: {}
mzone7325/what-logs-say/main.py: {}
mzone7325/what-logs-say/main.py: Using EditorConfig core...
mzone7325/what-logs-say/main.py: {}
mzone7325/what-logs-say/main.py: {}
mzone7325/what-logs-say/main.py: {}
mzone7325/what-logs-say/main.py: {}
mzone7325/what-logs-say/main.py: Using EditorConfig core...
mzone7325/what-logs-say/main.py: Using EditorConfig core...
mzone7325/what-logs-say/main.py: {}
mzone7325/what-logs-say/main.py: {}
mzone7325/what-logs-say/main.py: {}
mzone7325/what-logs-say/main.py: {}
mzone7325/what-logs-say/main.py: {}
mzone7325/what-logs-say/main.py: {}
mzone7325/what-logs-say/main.py: {}
mzone7325/what-logs-say/main.py: Using EditorConfig core...
mzone7325/what-logs-say/main.py: {}
mzone7325/what-logs-say/main.py: {}
mzone7325/what-logs-say/main.py: Using EditorConfig core...
mzone7325/what-logs-say/main.py: Using EditorConfig core...
mzone7325/what-logs-say/main.py: {}
mzone7325/what-logs-say/main.py: {}
mzone7325/what-logs-say/main.py: {}
mzone7325/what-logs-say/main.py: {}
mzone7325/what-logs-say/main.py: {}
mzone7325/what-logs-say/main.py: {}
mzone7325/what-logs-say/main.py: {}
mzone7325/what-logs-say/main.py: Using EditorConfig core...
mzone7325/what-logs-say/main.py: {}
mzone7325/what-logs-say/main.py: Using EditorConfig core...
mzone7325/what-logs-say/main.py: {}
mzone7325/what-logs-say/main.py: {}
mzone7325/what-logs-say/main.py: Using EditorConfig core...
mzone7325/what-logs-say/main.py: {}
mzone7325/what-logs-say/main.py: {}
mzone7325/what-logs-say/main.py: {}
mzone7325/what-logs-say/main.py: {}
mzone7325/what-logs-say/main.py: Using EditorConfig core...
mzone7325/what-logs-say/main.py: {}
mzone7325/what-logs-say/main.py: Using EditorConfig core...
mzone7325/what-logs-say/main.py: {}
mzone7325/what-logs-say/main.py: {}
mzone7325/what-logs-say/main.py: {}
mzone7325/what-logs-say/main.py: Using EditorConfig core...
mzone7325/what-logs-say/main.py: {}
mzone7325/what-logs-say/main.py: Using EditorConfig core...
mzone7325/what-logs-say/main.py: Using EditorConfig core...
mzone7325/what-logs-say/main.py: {}
mzone7325/what-logs-say/main.py: {}
mzone7325/what-logs-say/main.py: {}
mzone7325/what-logs-say/log_generator.py: {}
mzone7325/what-logs-say/log_generator.py: {}
mzone7325/what-logs-say/log_generator.py: Using EditorConfig core...
mzone7325/what-logs-say/log_generator.py: {}
mzone7325/what-logs-say/log_generator.py: {}
mzone7325/what-logs-say/log_generator.py: {}
mzone7325/what-logs-say/log_generator.py: {}
mzone7325/what-logs-say/generate_logs.py: {}
mzone7325/what-logs-say/generate_logs.py: {}
mzone7325/what-logs-say/generate_logs.py: {}
mzone7325/what-logs-say/generate_logs.py: {}
mzone7325/what-logs-say/generate_logs.py: {}
mzone7325/what-logs-say/generate_logs.py: {}
mzone7325/what-logs-say/generate_logs.py: {}
mzone7325/what-logs-say/generate_logs.py: {}
mzone7325/what-logs-say/generate_logs.py: {}
mzone7325/what-logs-say/generate_logs.py: {}
mzone7325/what-logs-say/generate_logs.py: {}
mzone7325/what-logs-say/generate_logs.py: {}
mzone7325/what-logs-say/generate_logs.py: {}
mzone7325/what-logs-say/generate_logs.py: {}
mzone7325/what-logs-say/generate_logs.py: {}
mzone7325/what-logs-say/generate_logs.py: {}
mzone7325/what-logs-say/generate_logs.py: {}
mzone7325/what-logs-say/generate_logs.py: {}
mzone7325/what-logs-say/generate_logs.py: {}
mzone7325/what-logs-say/generate_logs.py: {}
mzone7325/what-logs-say/generate_logs.py: {}
mzone7325/what-logs-say/generate_logs.py: {}
mzone7325/what-logs-say/generate_logs.py: {}
mzone7325/what-logs-say/generate_logs.py: {}
mzone7325/what-logs-say/generate_logs.py: {}
mzone7325/what-logs-say/generate_logs.py: {}
mzone7325/what-logs-say/generate_logs.py: {}
mzone7325/what-logs-say/generate_logs.py: {}
mzone7325/what-logs-say/generate_logs.py: {}
mzone7325/what-logs-say/generate_logs.py: {}
mzone7325/what-logs-say/generate_logs.py: {}
mzone7325/what-logs-say/generate_logs.py: {}
mzone7325/what-logs-say/generate_logs.py: {}
mzone7325/what-logs-say/generate_logs.py: {}
mzone7325/what-logs-say/generate_logs.py: {}
mzone7325/what-logs-say/generate_logs.py: {}
mzone7325/what-logs-say/generate_logs.py: {}
mzone7325/what-logs-say/generate_logs.py: {}
mzone7325/what-logs-say/main.py: {}
mzone7325/what-logs-say/main.py: {}
mzone7325/what-logs-say/main.py: {}
mzone7325/what-logs-say/main.py: {}
mzone7325/what-logs-say/main.py: {}
mzone7325/what-logs-say/main.py: {}
mzone7325/what-logs-say/main.py: {}
mzone7325/what-logs-say/main.py: {}
mzone7325/what-logs-say/main.py: {}
mzone7325/what-logs-say/main.py: {}
mzone7325/what-logs-say/main.py: {}
mzone7325/what-logs-say/main.py: {}
mzone7325/what-logs-say/main.py: {}
mzone7325/what-logs-say/main.py: {}
mzone7325/what-logs-say/main.py: {}
mzone7325/what-logs-say/main.py: {}
mzone7325/what-logs-say/main.py: {}
mzone7325/what-logs-say/main.py: {}
mzone7325/what-logs-say/main.py: {}
mzone7325/what-logs-say/main.py: {}
mzone7325/what-logs-say/main.py: {}
mzone7325/what-logs-say/main.py: {}
mzone7325/what-logs-say/main.py: {}
mzone7325/what-logs-say/main.py: {}
mzone7325/what-logs-say/main.py: {}
mzone7325/what-logs-say/main.py: {}
mzone7325/what-logs-say/main.py: {}
mzone7325/what-logs-say/main.py: {}
mzone7325/what-logs-say/main.py: {}
mzone7325/what-logs-say/generate_logs.py: {}
mzone7325/what-logs-say/main.py: {}
mzone7325/what-logs-say/main.py: {}
mzone7325/what-logs-say/main.py: {}
mzone7325/what-logs-say/main.py: {}
mzone7325/what-logs-say/main.py: {}
mzone7325/what-logs-say/main.py: {}
mzone7325/what-logs-say/generate_logs.py: {}
mzone7325/what-logs-say/main.py: {}
mzone7325/what-logs-say/main.py: {}
mzone7325/what-logs-say/main.py: {}
mzone7325/what-logs-say/main.py: {}
mzone7325/what-logs-say/main.py: {}
mzone7325/what-logs-say/main.py: {}
mzone7325/what-logs-say/main.py: {}
mzone7325/what-logs-say/main.py: {}
mzone7325/what-logs-say/main.py: {}
mzone7325/what-logs-say/main.py: {}
mzone7325/what-logs-say/main.py: {}
mzone7325/what-logs-say/main.py: {}
mzone7325/what-logs-say/main.py: {}
mzone7325/what-logs-say/main.py: Using EditorConfig core...
mzone7325/what-logs-say/main.py: {}
mzone7325/what-logs-say/main.py: {}
mzone7325/what-logs-say/main.py: {}
mzone7325/what-logs-say/main.py: {}
mzone7325/what-logs-say/main.py: {}
mzone7325/what-logs-say/main.py: {}
mzone7325/what-logs-say/main.py: {}
mzone7325/what-logs-say/main.py: {}
mzone7325/what-logs-say/main.py: {}
mzone7325/what-logs-say/main.py: {}
mzone7325/what-logs-say/main.py: {}
mzone7325/what-logs-say/main.py: {}
mzone7325/what-logs-say/main.py: {}
mzone7325/what-logs-say/main.py: {}
mzone7325/what-logs-say/main.py: {}
mzone7325/what-logs-say/main.py: {}
mzone7325/what-logs-say/generate_logs.py: {}
mzone7325/what-logs-say/main.py: {}
mzone7325/what-logs-say/main.py: {}
mzone7325/what-logs-say/main.py: Using EditorConfig core...
mzone7325/what-logs-say/main.py: Using EditorConfig core...
mzone7325/what-logs-say/main.py: {}
mzone7325/what-logs-say/main.py: {}
mzone7325/what-logs-say/main.py: {}
